INFO    : PreTeXt project found in `/home/runner/work/osbooks-statistics/osbooks-statistics/pretext`.
WARNING : Project's CLI version could not be detected from `requirements.txt`.
WARNING : Try `pretext init --refresh` to produce a compatible file.
INFO    : 
WARNING : Assets like latex-images will not be regenerated for this build
WARNING : (previously generated assets will be used if they exist).
WARNING : To generate these assets before building, run `pretext build -g`.
INFO    : Preparing to build into /home/runner/work/osbooks-statistics/osbooks-statistics/pretext/output/html.
INFO    : 
Now building HTML into /home/runner/work/osbooks-statistics/osbooks-statistics/pretext/output/html

INFO    : discovering source file's directory name: /home/runner/work/osbooks-statistics/osbooks-statistics/pretext/source
INFO    : verifying and expanding input directory: /home/runner/work/osbooks-statistics/osbooks-statistics/pretext/source/../generated-assets
INFO    : input directory expanded to absolute path: /home/runner/work/osbooks-statistics/osbooks-statistics/pretext/generated-assets
INFO    : verifying and expanding input directory: /home/runner/work/osbooks-statistics/osbooks-statistics/pretext/source/../media
INFO    : input directory expanded to absolute path: /home/runner/work/osbooks-statistics/osbooks-statistics/pretext/media
INFO    : converting /home/runner/work/osbooks-statistics/osbooks-statistics/pretext/source/main.ptx to HTML in /tmp/tmpy5or0vnd
INFO    : XSL conversion of /home/runner/work/osbooks-statistics/osbooks-statistics/pretext/source/main.ptx by /home/runner/.ptx/xsl/pretext-html.xsl
INFO    : comprehensive messages, warnings, and errors:
INFO    :     * PTX:ERROR:   An object (exercise) lacks a structure number, search output for "[STRUCT]"
INFO    :     *              located within: "element-6923" (xml:id)
INFO    :     * PTX:ERROR:   An object (exercise) lacks a structure number, search output for "[STRUCT]"
INFO    :     *              located within: "element-6923" (xml:id)
INFO    :     * PTX:ERROR:   An object (exercise) lacks a structure number, search output for "[STRUCT]"
INFO    :     *              located within: "element-6923" (xml:id)
INFO    :     * PTX:ERROR:   An object (exercise) lacks a structure number, search output for "[STRUCT]"
INFO    :     *              located within: "element-6923" (xml:id)
INFO    :     * PTX:ERROR:   An object (exercise) lacks a structure number, search output for "[STRUCT]"
INFO    :     *              located within: "fs-idp161531440" (xml:id)
INFO    :     * PTX:ERROR:   An object (exercise) lacks a structure number, search output for "[STRUCT]"
INFO    :     *              located within: "fs-idp161531440" (xml:id)
INFO    :     * PTX:ERROR:   An object (exercise) lacks a structure number, search output for "[STRUCT]"
INFO    :     *              located within: "fs-idp161531440" (xml:id)
INFO    :     * PTX:ERROR:   An object (exercise) lacks a structure number, search output for "[STRUCT]"
INFO    :     *              located within: "fs-idp161531440" (xml:id)
INFO    :     * PTX:ERROR:   An object (exercise) lacks a structure number, search output for "[STRUCT]"
INFO    :     *              located within: "fs-idm7260336" (xml:id)
INFO    :     * PTX:ERROR:   An object (exercise) lacks a structure number, search output for "[STRUCT]"
INFO    :     *              located within: "fs-idm7260336" (xml:id)
INFO    :     * PTX:ERROR:   An object (exercise) lacks a structure number, search output for "[STRUCT]"
INFO    :     *              located within: "fs-idm7260336" (xml:id)
INFO    :     * PTX:ERROR:   An object (exercise) lacks a structure number, search output for "[STRUCT]"
INFO    :     *              located within: "fs-idm7260336" (xml:id)
INFO    :     * PTX:ERROR:   An object (exercise) lacks a structure number, search output for "[STRUCT]"
INFO    :     *              located within: "fs-idm25526448" (xml:id)
INFO    :     * PTX:ERROR:   An object (exercise) lacks a structure number, search output for "[STRUCT]"
INFO    :     *              located within: "fs-idm25526448" (xml:id)
INFO    :     * PTX:ERROR:   An object (exercise) lacks a structure number, search output for "[STRUCT]"
INFO    :     *              located within: "fs-idm25526448" (xml:id)
INFO    :     * PTX:ERROR:   An object (exercise) lacks a structure number, search output for "[STRUCT]"
INFO    :     *              located within: "fs-idm25526448" (xml:id)
INFO    :     * PTX:ERROR:   An object (exercise) lacks a structure number, search output for "[STRUCT]"
INFO    :     *              located within: "fs-id1170309302796" (xml:id)
INFO    :     * PTX:ERROR:   An object (exercise) lacks a structure number, search output for "[STRUCT]"
INFO    :     *              located within: "fs-id1170309302796" (xml:id)
INFO    :     * PTX:ERROR:   An object (exercise) lacks a structure number, search output for "[STRUCT]"
INFO    :     *              located within: "fs-id1170309302796" (xml:id)
INFO    :     * PTX:ERROR:   An object (exercise) lacks a structure number, search output for "[STRUCT]"
INFO    :     *              located within: "fs-id1170309302796" (xml:id)
INFO    :     * PTX:ERROR:   An object (exercise) lacks a structure number, search output for "[STRUCT]"
INFO    :     *              located within: "fs-id1170309371933" (xml:id)
INFO    :     * PTX:ERROR:   An object (exercise) lacks a structure number, search output for "[STRUCT]"
INFO    :     *              located within: "fs-id1170309371933" (xml:id)
INFO    :     * PTX:ERROR:   An object (exercise) lacks a structure number, search output for "[STRUCT]"
INFO    :     *              located within: "fs-id1170309371933" (xml:id)
INFO    :     * PTX:ERROR:   An object (exercise) lacks a structure number, search output for "[STRUCT]"
INFO    :     *              located within: "fs-id1170309371933" (xml:id)
INFO    :     * PTX:ERROR:   An object (exercise) lacks a structure number, search output for "[STRUCT]"
INFO    :     *              located within: "fs-id1164564502878" (xml:id)
INFO    :     * PTX:ERROR:   An object (exercise) lacks a structure number, search output for "[STRUCT]"
INFO    :     *              located within: "fs-id1164564502878" (xml:id)
INFO    :     * PTX:ERROR:   An object (exercise) lacks a structure number, search output for "[STRUCT]"
INFO    :     *              located within: "fs-id1164564502878" (xml:id)
INFO    :     * PTX:ERROR:   An object (exercise) lacks a structure number, search output for "[STRUCT]"
INFO    :     *              located within: "fs-id1164564502878" (xml:id)
INFO    :     * PTX:ERROR:   An object (exercise) lacks a structure number, search output for "[STRUCT]"
INFO    :     *              located within: "fs-idm61675872" (xml:id)
INFO    :     * PTX:ERROR:   An object (exercise) lacks a structure number, search output for "[STRUCT]"
INFO    :     *              located within: "fs-idm61675872" (xml:id)
INFO    :     * PTX:ERROR:   An object (exercise) lacks a structure number, search output for "[STRUCT]"
INFO    :     *              located within: "fs-idm61675872" (xml:id)
INFO    :     * PTX:ERROR:   An object (exercise) lacks a structure number, search output for "[STRUCT]"
INFO    :     *              located within: "fs-idm61675872" (xml:id)
INFO    :     * PTX:ERROR:   An object (exercise) lacks a structure number, search output for "[STRUCT]"
INFO    :     *              located within: "fs-idp4161680" (xml:id)
INFO    :     * PTX:ERROR:   An object (exercise) lacks a structure number, search output for "[STRUCT]"
INFO    :     *              located within: "fs-idp4161680" (xml:id)
INFO    :     * PTX:ERROR:   An object (exercise) lacks a structure number, search output for "[STRUCT]"
INFO    :     *              located within: "fs-idp4161680" (xml:id)
INFO    :     * PTX:ERROR:   An object (exercise) lacks a structure number, search output for "[STRUCT]"
INFO    :     *              located within: "fs-idp4161680" (xml:id)
INFO    :     * PTX:ERROR:   An object (exercise) lacks a structure number, search output for "[STRUCT]"
INFO    :     *              located within: "exer5" (xml:id)
INFO    :     * PTX:ERROR:   An object (exercise) lacks a structure number, search output for "[STRUCT]"
INFO    :     *              located within: "exer5" (xml:id)
INFO    :     * PTX:ERROR:   An object (exercise) lacks a structure number, search output for "[STRUCT]"
INFO    :     *              located within: "exer5" (xml:id)
INFO    :     * PTX:ERROR:   An object (exercise) lacks a structure number, search output for "[STRUCT]"
INFO    :     *              located within: "exer5" (xml:id)
INFO    :     * PTX:ERROR:   An object (exercise) lacks a structure number, search output for "[STRUCT]"
INFO    :     *              located within: "element-2353" (xml:id)
INFO    :     * PTX:ERROR:   An object (exercise) lacks a structure number, search output for "[STRUCT]"
INFO    :     *              located within: "element-2353" (xml:id)
INFO    :     * PTX:ERROR:   An object (exercise) lacks a structure number, search output for "[STRUCT]"
INFO    :     *              located within: "element-2353" (xml:id)
INFO    :     * PTX:ERROR:   An object (exercise) lacks a structure number, search output for "[STRUCT]"
INFO    :     *              located within: "element-2353" (xml:id)
INFO    :     * PTX:ERROR:   An object (exercise) lacks a structure number, search output for "[STRUCT]"
INFO    :     *              located within: "element-2353" (xml:id)
INFO    :     * PTX:ERROR:   An object (exercise) lacks a structure number, search output for "[STRUCT]"
INFO    :     *              located within: "element-2353" (xml:id)
INFO    :     * PTX:ERROR:   An object (exercise) lacks a structure number, search output for "[STRUCT]"
INFO    :     *              located within: "element-2353" (xml:id)
INFO    :     * PTX:ERROR:   An object (exercise) lacks a structure number, search output for "[STRUCT]"
INFO    :     *              located within: "element-2353" (xml:id)
INFO    :     * PTX:ERROR:   An object (exercise) lacks a structure number, search output for "[STRUCT]"
INFO    :     *              located within: "element-2353" (xml:id)
INFO    :     * PTX:ERROR:   An object (exercise) lacks a structure number, search output for "[STRUCT]"
INFO    :     *              located within: "element-2353" (xml:id)
INFO    :     * PTX:ERROR:   An object (exercise) lacks a structure number, search output for "[STRUCT]"
INFO    :     *              located within: "element-2353" (xml:id)
INFO    :     * PTX:ERROR:   An object (exercise) lacks a structure number, search output for "[STRUCT]"
INFO    :     *              located within: "element-2353" (xml:id)
INFO    :     * PTX:ERROR:   An object (exercise) lacks a structure number, search output for "[STRUCT]"
INFO    :     *              located within: "element-2353" (xml:id)
INFO    :     * PTX:ERROR:   An object (exercise) lacks a structure number, search output for "[STRUCT]"
INFO    :     *              located within: "fs-idm105708208" (xml:id)
INFO    :     * PTX:ERROR:   An object (exercise) lacks a structure number, search output for "[STRUCT]"
INFO    :     *              located within: "fs-idm105708208" (xml:id)
INFO    :     * PTX:ERROR:   An object (exercise) lacks a structure number, search output for "[STRUCT]"
INFO    :     *              located within: "fs-idm105708208" (xml:id)
INFO    :     * PTX:ERROR:   An object (exercise) lacks a structure number, search output for "[STRUCT]"
INFO    :     *              located within: "fs-idm105708208" (xml:id)
INFO    :     * PTX:ERROR:   An object (exercise) lacks a structure number, search output for "[STRUCT]"
INFO    :     *              located within: "fs-idm105708208" (xml:id)
INFO    :     * PTX:ERROR:   An object (exercise) lacks a structure number, search output for "[STRUCT]"
INFO    :     *              located within: "fs-idm105708208" (xml:id)
INFO    :     * PTX:ERROR:   An object (exercise) lacks a structure number, search output for "[STRUCT]"
INFO    :     *              located within: "fs-idm105708208" (xml:id)
INFO    :     * PTX:ERROR:   An object (exercise) lacks a structure number, search output for "[STRUCT]"
INFO    :     *              located within: "fs-idm105708208" (xml:id)
INFO    :     * PTX:ERROR:   An object (exercise) lacks a structure number, search output for "[STRUCT]"
INFO    :     *              located within: "fs-idm105708208" (xml:id)
INFO    :     * PTX:ERROR:   An object (exercise) lacks a structure number, search output for "[STRUCT]"
INFO    :     *              located within: "fs-idm105708208" (xml:id)
INFO    :     * PTX:ERROR:   An object (exercise) lacks a structure number, search output for "[STRUCT]"
INFO    :     *              located within: "fs-idp28609648" (xml:id)
INFO    :     * PTX:ERROR:   An object (exercise) lacks a structure number, search output for "[STRUCT]"
INFO    :     *              located within: "fs-idp28609648" (xml:id)
INFO    :     * PTX:ERROR:   An object (exercise) lacks a structure number, search output for "[STRUCT]"
INFO    :     *              located within: "fs-idp28609648" (xml:id)
INFO    :     * PTX:ERROR:   An object (exercise) lacks a structure number, search output for "[STRUCT]"
INFO    :     *              located within: "fs-idp28609648" (xml:id)
INFO    :     * PTX:ERROR:   An object (exercise) lacks a structure number, search output for "[STRUCT]"
INFO    :     *              located within: "fs-idp28609648" (xml:id)
INFO    :     * PTX:ERROR:   An object (exercise) lacks a structure number, search output for "[STRUCT]"
INFO    :     *              located within: "fs-idp28609648" (xml:id)
INFO    :     * PTX:ERROR:   An object (exercise) lacks a structure number, search output for "[STRUCT]"
INFO    :     *              located within: "fs-idp28609648" (xml:id)
INFO    :     * PTX:ERROR:   An object (exercise) lacks a structure number, search output for "[STRUCT]"
INFO    :     *              located within: "fs-idp28609648" (xml:id)
INFO    :     * PTX:ERROR:   An object (exercise) lacks a structure number, search output for "[STRUCT]"
INFO    :     *              located within: "fs-idp28609648" (xml:id)
INFO    :     * PTX:ERROR:   An object (exercise) lacks a structure number, search output for "[STRUCT]"
INFO    :     *              located within: "fs-idp28609648" (xml:id)
INFO    :     * PTX:ERROR:   An object (exercise) lacks a structure number, search output for "[STRUCT]"
INFO    :     *              located within: "element-23526" (xml:id)
INFO    :     * PTX:ERROR:   An object (exercise) lacks a structure number, search output for "[STRUCT]"
INFO    :     *              located within: "element-23526" (xml:id)
INFO    :     * PTX:ERROR:   An object (exercise) lacks a structure number, search output for "[STRUCT]"
INFO    :     *              located within: "element-23526" (xml:id)
INFO    :     * PTX:ERROR:   An object (exercise) lacks a structure number, search output for "[STRUCT]"
INFO    :     *              located within: "element-23526" (xml:id)
INFO    :     * PTX:ERROR:   An object (exercise) lacks a structure number, search output for "[STRUCT]"
INFO    :     *              located within: "element-23526" (xml:id)
INFO    :     * PTX:ERROR:   An object (exercise) lacks a structure number, search output for "[STRUCT]"
INFO    :     *              located within: "element-23526" (xml:id)
INFO    :     * PTX:ERROR:   An object (exercise) lacks a structure number, search output for "[STRUCT]"
INFO    :     *              located within: "element-23526" (xml:id)
INFO    :     * PTX:ERROR:   An object (exercise) lacks a structure number, search output for "[STRUCT]"
INFO    :     *              located within: "element-23526" (xml:id)
INFO    :     * PTX:ERROR:   An object (exercise) lacks a structure number, search output for "[STRUCT]"
INFO    :     *              located within: "element-23526" (xml:id)
INFO    :     * PTX:ERROR:   An object (exercise) lacks a structure number, search output for "[STRUCT]"
INFO    :     *              located within: "element-23526" (xml:id)
INFO    :     * PTX:ERROR:   An object (exercise) lacks a structure number, search output for "[STRUCT]"
INFO    :     *              located within: "element-23526" (xml:id)
INFO    :     * PTX:ERROR:   An object (exercise) lacks a structure number, search output for "[STRUCT]"
INFO    :     *              located within: "element-23526" (xml:id)
INFO    :     * PTX:ERROR:   An object (exercise) lacks a structure number, search output for "[STRUCT]"
INFO    :     *              located within: "element-23526" (xml:id)
INFO    :     * PTX:ERROR:   An object (exercise) lacks a structure number, search output for "[STRUCT]"
INFO    :     *              located within: "element-23526" (xml:id)
INFO    :     * PTX:ERROR:   An object (exercise) lacks a structure number, search output for "[STRUCT]"
INFO    :     *              located within: "element-23526" (xml:id)
INFO    :     * PTX:ERROR:   An object (exercise) lacks a structure number, search output for "[STRUCT]"
INFO    :     *              located within: "element-23526" (xml:id)
INFO    :     * PTX:ERROR:   An object (exercise) lacks a structure number, search output for "[STRUCT]"
INFO    :     *              located within: "element-23526" (xml:id)
INFO    :     * PTX:ERROR:   An object (exercise) lacks a structure number, search output for "[STRUCT]"
INFO    :     *              located within: "element-23526" (xml:id)
INFO    :     * PTX:ERROR:   An object (exercise) lacks a structure number, search output for "[STRUCT]"
INFO    :     *              located within: "element-23526" (xml:id)
INFO    :     * PTX:ERROR:   An object (exercise) lacks a structure number, search output for "[STRUCT]"
INFO    :     *              located within: "exer4" (xml:id)
INFO    :     * PTX:ERROR:   An object (exercise) lacks a structure number, search output for "[STRUCT]"
INFO    :     *              located within: "exer4" (xml:id)
INFO    :     * PTX:ERROR:   An object (exercise) lacks a structure number, search output for "[STRUCT]"
INFO    :     *              located within: "exer4" (xml:id)
INFO    :     * PTX:ERROR:   An object (exercise) lacks a structure number, search output for "[STRUCT]"
INFO    :     *              located within: "exer4" (xml:id)
INFO    :     * PTX:ERROR:   An object (exercise) lacks a structure number, search output for "[STRUCT]"
INFO    :     *              located within: "exer6" (xml:id)
INFO    :     * PTX:ERROR:   An object (exercise) lacks a structure number, search output for "[STRUCT]"
INFO    :     *              located within: "exer6" (xml:id)
INFO    :     * PTX:ERROR:   An object (exercise) lacks a structure number, search output for "[STRUCT]"
INFO    :     *              located within: "exer6" (xml:id)
INFO    :     * PTX:ERROR:   An object (exercise) lacks a structure number, search output for "[STRUCT]"
INFO    :     *              located within: "exer6" (xml:id)
INFO    :     * PTX:ERROR:   An object (exercise) lacks a structure number, search output for "[STRUCT]"
INFO    :     *              located within: "exer3" (xml:id)
INFO    :     * PTX:ERROR:   An object (exercise) lacks a structure number, search output for "[STRUCT]"
INFO    :     *              located within: "exer3" (xml:id)
INFO    :     * PTX:ERROR:   An object (exercise) lacks a structure number, search output for "[STRUCT]"
INFO    :     *              located within: "exer3" (xml:id)
INFO    :     * PTX:ERROR:   An object (exercise) lacks a structure number, search output for "[STRUCT]"
INFO    :     *              located within: "exer3" (xml:id)
INFO    :     * PTX:ERROR:   An object (exercise) lacks a structure number, search output for "[STRUCT]"
INFO    :     *              located within: "fs-idp61839840" (xml:id)
INFO    :     * PTX:ERROR:   An object (exercise) lacks a structure number, search output for "[STRUCT]"
INFO    :     *              located within: "fs-idp61839840" (xml:id)
INFO    :     * PTX:ERROR:   An object (exercise) lacks a structure number, search output for "[STRUCT]"
INFO    :     *              located within: "fs-idp61839840" (xml:id)
INFO    :     * PTX:ERROR:   An object (exercise) lacks a structure number, search output for "[STRUCT]"
INFO    :     *              located within: "fs-idp61839840" (xml:id)
INFO    :     * PTX:ERROR:   An object (exercise) lacks a structure number, search output for "[STRUCT]"
INFO    :     *              located within: "eip-idp68426064" (xml:id)
INFO    :     * PTX:ERROR:   An object (exercise) lacks a structure number, search output for "[STRUCT]"
INFO    :     *              located within: "eip-idp68426064" (xml:id)
INFO    :     * PTX:ERROR:   An object (exercise) lacks a structure number, search output for "[STRUCT]"
INFO    :     *              located within: "eip-idp68426064" (xml:id)
INFO    :     * PTX:ERROR:   An object (exercise) lacks a structure number, search output for "[STRUCT]"
INFO    :     *              located within: "eip-idp68426064" (xml:id)
INFO    :     * PTX:ERROR:   An object (exercise) lacks a structure number, search output for "[STRUCT]"
INFO    :     *              located within: "eip-idp68426064" (xml:id)
INFO    :     * PTX:ERROR:   An object (exercise) lacks a structure number, search output for "[STRUCT]"
INFO    :     *              located within: "eip-idp68426064" (xml:id)
INFO    :     * PTX:ERROR:   An object (exercise) lacks a structure number, search output for "[STRUCT]"
INFO    :     *              located within: "eip-idp68426064" (xml:id)
INFO    :     * PTX:ERROR:   An object (exercise) lacks a structure number, search output for "[STRUCT]"
INFO    :     *              located within: "eip-idp68426064" (xml:id)
INFO    :     * PTX:ERROR:   An object (exercise) lacks a structure number, search output for "[STRUCT]"
INFO    :     *              located within: "eip-idp68426064" (xml:id)
INFO    :     * PTX:ERROR:   An object (exercise) lacks a structure number, search output for "[STRUCT]"
INFO    :     *              located within: "eip-idp68426064" (xml:id)
INFO    :     * PTX:ERROR:   An object (exercise) lacks a structure number, search output for "[STRUCT]"
INFO    :     *              located within: "eip-idp68426064" (xml:id)
INFO    :     * PTX:ERROR:   An object (exercise) lacks a structure number, search output for "[STRUCT]"
INFO    :     *              located within: "eip-idp68426064" (xml:id)
INFO    :     * PTX:ERROR:   An object (exercise) lacks a structure number, search output for "[STRUCT]"
INFO    :     *              located within: "eip-idp68426064" (xml:id)
INFO    :     * PTX:ERROR:   An object (exercise) lacks a structure number, search output for "[STRUCT]"
INFO    :     *              located within: "eip-idp68426064" (xml:id)
INFO    :     * PTX:ERROR:   An object (exercise) lacks a structure number, search output for "[STRUCT]"
INFO    :     *              located within: "eip-idp68426064" (xml:id)
INFO    :     * PTX:ERROR:   An object (exercise) lacks a structure number, search output for "[STRUCT]"
INFO    :     *              located within: "eip-idp68426064" (xml:id)
INFO    :     * PTX:ERROR:   An object (exercise) lacks a structure number, search output for "[STRUCT]"
INFO    :     *              located within: "element-397" (xml:id)
INFO    :     * PTX:ERROR:   An object (exercise) lacks a structure number, search output for "[STRUCT]"
INFO    :     *              located within: "element-397" (xml:id)
INFO    :     * PTX:ERROR:   An object (exercise) lacks a structure number, search output for "[STRUCT]"
INFO    :     *              located within: "element-397" (xml:id)
INFO    :     * PTX:ERROR:   An object (exercise) lacks a structure number, search output for "[STRUCT]"
INFO    :     *              located within: "element-397" (xml:id)
INFO    :     * PTX:ERROR:   An object (exercise) lacks a structure number, search output for "[STRUCT]"
INFO    :     *              located within: "element-397" (xml:id)
INFO    :     * PTX:ERROR:   An object (exercise) lacks a structure number, search output for "[STRUCT]"
INFO    :     *              located within: "element-397" (xml:id)
INFO    :     * PTX:ERROR:   An object (exercise) lacks a structure number, search output for "[STRUCT]"
INFO    :     *              located within: "element-397" (xml:id)
INFO    :     * PTX:ERROR:   An object (exercise) lacks a structure number, search output for "[STRUCT]"
INFO    :     *              located within: "element-397" (xml:id)
INFO    :     * PTX:ERROR:   An object (exercise) lacks a structure number, search output for "[STRUCT]"
INFO    :     *              located within: "element-397" (xml:id)
INFO    :     * PTX:ERROR:   An object (exercise) lacks a structure number, search output for "[STRUCT]"
INFO    :     *              located within: "element-397" (xml:id)
INFO    :     * PTX:ERROR:   An object (exercise) lacks a structure number, search output for "[STRUCT]"
INFO    :     *              located within: "element-397" (xml:id)
INFO    :     * PTX:ERROR:   An object (exercise) lacks a structure number, search output for "[STRUCT]"
INFO    :     *              located within: "element-397" (xml:id)
INFO    :     * PTX:ERROR:   An object (exercise) lacks a structure number, search output for "[STRUCT]"
INFO    :     *              located within: "element-397" (xml:id)
INFO    :     * PTX:ERROR:   An object (exercise) lacks a structure number, search output for "[STRUCT]"
INFO    :     *              located within: "element-397" (xml:id)
INFO    :     * PTX:ERROR:   An object (exercise) lacks a structure number, search output for "[STRUCT]"
INFO    :     *              located within: "element-397" (xml:id)
INFO    :     * PTX:ERROR:   An object (exercise) lacks a structure number, search output for "[STRUCT]"
INFO    :     *              located within: "element-397" (xml:id)
INFO    :     * PTX:ERROR:   An object (exercise) lacks a structure number, search output for "[STRUCT]"
INFO    :     *              located within: "exer2" (xml:id)
INFO    :     * PTX:ERROR:   An object (exercise) lacks a structure number, search output for "[STRUCT]"
INFO    :     *              located within: "exer2" (xml:id)
INFO    :     * PTX:ERROR:   An object (exercise) lacks a structure number, search output for "[STRUCT]"
INFO    :     *              located within: "exer2" (xml:id)
INFO    :     * PTX:ERROR:   An object (exercise) lacks a structure number, search output for "[STRUCT]"
INFO    :     *              located within: "exer2" (xml:id)
INFO    :     * PTX:ERROR:   An object (exercise) lacks a structure number, search output for "[STRUCT]"
INFO    :     *              located within: "exer2" (xml:id)
INFO    :     * PTX:ERROR:   An object (exercise) lacks a structure number, search output for "[STRUCT]"
INFO    :     *              located within: "exer2" (xml:id)
INFO    :     * PTX:ERROR:   An object (exercise) lacks a structure number, search output for "[STRUCT]"
INFO    :     *              located within: "exer2" (xml:id)
INFO    :     * PTX:ERROR:   An object (exercise) lacks a structure number, search output for "[STRUCT]"
INFO    :     *              located within: "exer2" (xml:id)
INFO    :     * PTX:ERROR:   An object (exercise) lacks a structure number, search output for "[STRUCT]"
INFO    :     *              located within: "exer2" (xml:id)
INFO    :     * PTX:ERROR:   An object (exercise) lacks a structure number, search output for "[STRUCT]"
INFO    :     *              located within: "exer2" (xml:id)
INFO    :     * PTX:ERROR:   An object (exercise) lacks a structure number, search output for "[STRUCT]"
INFO    :     *              located within: "exer2" (xml:id)
INFO    :     * PTX:ERROR:   An object (exercise) lacks a structure number, search output for "[STRUCT]"
INFO    :     *              located within: "exer2" (xml:id)
INFO    :     * PTX:ERROR:   An object (exercise) lacks a structure number, search output for "[STRUCT]"
INFO    :     *              located within: "exer2" (xml:id)
INFO    :     * PTX:ERROR:   An object (exercise) lacks a structure number, search output for "[STRUCT]"
INFO    :     *              located within: "exer1" (xml:id)
INFO    :     * PTX:ERROR:   An object (exercise) lacks a structure number, search output for "[STRUCT]"
INFO    :     *              located within: "exer1" (xml:id)
INFO    :     * PTX:ERROR:   An object (exercise) lacks a structure number, search output for "[STRUCT]"
INFO    :     *              located within: "exer1" (xml:id)
INFO    :     * PTX:ERROR:   An object (exercise) lacks a structure number, search output for "[STRUCT]"
INFO    :     *              located within: "exer1" (xml:id)
INFO    : successful application of /home/runner/.ptx/xsl/pretext-html.xsl
INFO    : 
Success! Run `pretext view html` to see the results.

INFO    : 
